["2025-05-18T13:17:08.661", "DEBUG", "ubuntupro.config", "parse_config", 518, "Using client configuration file at /etc/ubuntu-advantage/uaclient.conf", {}]
["2025-05-18T13:17:08.664", "DEBUG", "ubuntupro.system", "load_file", 583, "Reading file: /etc/ubuntu-advantage/uaclient.conf", {}]
["2025-05-18T13:17:08.665", "DEBUG", "ubuntupro.files.files", "read", 58, "Tried to load /var/lib/ubuntu-advantage/user-config.json but file does not exist", {}]
["2025-05-18T13:17:08.672", "DEBUG", "ubuntupro.http", "configure_web_proxy", 149, "Setting no_proxy: 169.254.169.254,[fd00:ec2::254],metadata", {}]
["2025-05-18T13:17:08.673", "DEBUG", "ubuntupro.http", "configure_web_proxy", 157, "Setting global proxy dict", {}]
["2025-05-18T13:17:08.673", "DEBUG", "ubuntupro.cli", "main", 287, "Executed with sys.argv: ['/usr/bin/pro', 'status', '--format=json']", {}]
["2025-05-18T13:17:08.673", "DEBUG", "ubuntupro.files.files", "read", 58, "Tried to load /var/lib/ubuntu-advantage/machine-token.json but file does not exist", {}]
["2025-05-18T13:17:08.673", "DEBUG", "ubuntupro.files.files", "read", 58, "Tried to load /var/lib/ubuntu-advantage/machine-token.json but file does not exist", {}]
["2025-05-18T13:17:08.674", "DEBUG", "ubuntupro.system", "load_file", 583, "Reading file: /proc/cpuinfo", {}]
["2025-05-18T13:17:08.674", "INFO", "ubuntupro.system", "get_cpu_info", 296, "could not open /proc/sysinfo", {}]
["2025-05-18T13:17:08.674", "DEBUG", "ubuntupro.system", "load_file", 583, "Reading file: /sys/firmware/devicetree/base/model", {}]
["2025-05-18T13:17:08.674", "DEBUG", "ubuntupro.system", "load_file", 583, "Reading file: /etc/os-release", {}]
["2025-05-18T13:17:08.674", "DEBUG", "ubuntupro.system", "load_file", 583, "Reading file: /proc/version_signature", {}]
["2025-05-18T13:17:09.203", "DEBUG", "ubuntupro.system", "load_file", 583, "Reading file: /proc/1/cgroup", {}]
["2025-05-18T13:17:09.204", "DEBUG", "ubuntupro.files.files", "read", 58, "Tried to load /var/lib/ubuntu-advantage/machine-token.json but file does not exist", {}]
["2025-05-18T13:17:09.204", "DEBUG", "ubuntupro.files.files", "read", 58, "Tried to load /var/lib/ubuntu-advantage/machine-token.json but file does not exist", {}]
["2025-05-18T13:17:09.205", "DEBUG", "ubuntupro.http", "readurl", 418, "URL [GET]: https://contracts.canonical.com/v1/resources?architecture=arm64&kernel=6.14.0-1005-raspi&series=plucky&virt=, headers: {'accept': 'application/json', 'content-type': 'application/json', 'user-agent': 'UA-Client/35'}, data: None", {}]
["2025-05-18T13:17:09.206", "DEBUG", "ubuntupro.http", "should_use_pycurl", 214, "Should use pycurl: False", {}]
["2025-05-18T13:17:09.789", "DEBUG", "ubuntupro.http", "readurl", 462, "URL [GET] response: https://contracts.canonical.com/v1/resources?architecture=arm64&kernel=6.14.0-1005-raspi&series=plucky&virt=, headers: {'accept-ranges': 'bytes', 'cache-control': 'no-store, max-age=0', 'connection': 'close', 'content-length': '870', 'content-type': 'application/json', 'date': 'Sun, 18 May 2025 17:17:09 GMT', 'server': 'nginx/1.18.0 (Ubuntu)', 'strict-transport-security': 'max-age=15724800; includeSubDomains', 'x-cache-status': 'MISS from content-cache-il3/4', 'x-trace-id': 'd8599945-26fc-415b-aca4-73e5f386df9f'}, data: {'resources': [{'available': False, 'name': 'anbox-cloud'}, {'available': True, 'name': 'anbox-images'}, {'available': True, 'name': 'cc'}, {'available': False, 'name': 'cc-eal'}, {'available': False, 'name': 'cis'}, {'available': False, 'name': 'esm'}, {'available': False, 'name': 'esm-apps'}, {'available': False, 'name': 'esm-apps-python'}, {'available': False, 'name': 'esm-infra'}, {'available': False, 'name': 'esm-infra-legacy'}, {'available': False, 'name': 'esm-python'}, {'available': False, 'name': 'esm-ros'}, {'available': False, 'name': 'fips'}, {'available': False, 'name': 'fips-preview'}, {'available': False, 'name': 'fips-updates'}, {'available': True, 'name': 'landscape'}, {'available': False, 'name': 'livepatch'}, {'available': True, 'name': 'livepatch-onprem'}, {'available': False, 'name': 'realtime-kernel'}, {'available': False, 'name': 'ros'}, {'available': False, 'name': 'ros-updates'}, {'available': True, 'name': 'support'}]}", {}]
["2025-05-18T13:17:09.793", "DEBUG", "ubuntupro.status", "_unattached_status", 301, "Ignoring availability of unknown service anbox-images from contract server", {}]
["2025-05-18T13:17:09.793", "DEBUG", "ubuntupro.status", "_unattached_status", 301, "Ignoring availability of unknown service cc from contract server", {}]
["2025-05-18T13:17:09.793", "DEBUG", "ubuntupro.status", "_unattached_status", 301, "Ignoring availability of unknown service esm from contract server", {}]
["2025-05-18T13:17:09.793", "DEBUG", "ubuntupro.status", "_unattached_status", 301, "Ignoring availability of unknown service esm-apps-python from contract server", {}]
["2025-05-18T13:17:09.794", "DEBUG", "ubuntupro.status", "_unattached_status", 301, "Ignoring availability of unknown service esm-infra-legacy from contract server", {}]
["2025-05-18T13:17:09.794", "DEBUG", "ubuntupro.status", "_unattached_status", 301, "Ignoring availability of unknown service esm-python from contract server", {}]
["2025-05-18T13:17:09.794", "DEBUG", "ubuntupro.status", "_unattached_status", 301, "Ignoring availability of unknown service esm-ros from contract server", {}]
["2025-05-18T13:17:09.795", "DEBUG", "ubuntupro.livepatch", "status", 126, "canonical-livepatch is not installed", {}]
["2025-05-18T13:17:09.795", "DEBUG", "ubuntupro.files.files", "read", 58, "Tried to load /home/murphy/.cache/ubuntu-pro/livepatch-kernel-support-cache.json but file does not exist", {}]
["2025-05-18T13:17:09.795", "DEBUG", "ubuntupro.livepatch", "on_supported_kernel", 361, "using livepatch support api", {}]
["2025-05-18T13:17:09.795", "DEBUG", "ubuntupro.config", "parse_config", 518, "Using client configuration file at /etc/ubuntu-advantage/uaclient.conf", {}]
["2025-05-18T13:17:09.795", "DEBUG", "ubuntupro.system", "load_file", 583, "Reading file: /etc/ubuntu-advantage/uaclient.conf", {}]
["2025-05-18T13:17:09.796", "DEBUG", "ubuntupro.files.files", "read", 58, "Tried to load /var/lib/ubuntu-advantage/user-config.json but file does not exist", {}]
["2025-05-18T13:17:09.796", "DEBUG", "ubuntupro.http", "readurl", 418, "URL [GET]: https://livepatch.canonical.com/v1/api/kernels/supported?architecture=arm64&build-date=2025-04-05T14%3A33%3A30%2B00%3A00&codename=plucky&flavour=raspi&kernel-version=6.14, headers: {'accept': 'application/json', 'content-type': 'application/json', 'user-agent': 'UA-Client/35'}, data: None", {}]
["2025-05-18T13:17:09.797", "DEBUG", "ubuntupro.http", "should_use_pycurl", 214, "Should use pycurl: False", {}]
["2025-05-18T13:17:10.278", "DEBUG", "ubuntupro.http", "readurl", 462, "URL [GET] response: https://livepatch.canonical.com/v1/api/kernels/supported?architecture=arm64&build-date=2025-04-05T14%3A33%3A30%2B00%3A00&codename=plucky&flavour=raspi&kernel-version=6.14, headers: {'accept-ranges': 'bytes', 'cache-control': 'no-store, max-age=0', 'connection': 'close', 'content-length': '27', 'content-type': 'application/json', 'date': 'Sun, 18 May 2025 17:17:10 GMT', 'server': 'nginx/1.18.0 (Ubuntu)', 'strict-transport-security': 'max-age=15724800; includeSubDomains', 'x-cache-status': 'MISS from content-cache-il3/1'}, data: {'Supported': 'unsupported'}", {}]
["2025-05-18T13:17:10.279", "DEBUG", "ubuntupro.system", "write_file", 627, "Writing file /home/murphy/.cache/ubuntu-pro/livepatch-kernel-support-cache.json atomically via tempfile /home/murphy/.cache/ubuntu-pro/tmpag3idllt", {}]
["2025-05-18T13:17:10.286", "DEBUG", "ubuntupro.status", "_unattached_status", 301, "Ignoring availability of unknown service livepatch-onprem from contract server", {}]
["2025-05-18T13:17:10.287", "DEBUG", "ubuntupro.status", "_unattached_status", 301, "Ignoring availability of unknown service support from contract server", {}]
["2025-05-18T13:17:10.287", "DEBUG", "ubuntupro.files.files", "read", 58, "Tried to load /var/lib/ubuntu-advantage/lock but file does not exist", {}]
["2025-05-18T13:17:10.287", "DEBUG", "ubuntupro.files.files", "read", 58, "Tried to load /var/lib/ubuntu-advantage/user-config.json but file does not exist", {}]
["2025-05-18T15:18:14.216", "DEBUG", "ubuntupro.config", "parse_config", 518, "Using client configuration file at /etc/ubuntu-advantage/uaclient.conf", {}]
["2025-05-18T15:18:14.219", "DEBUG", "ubuntupro.system", "load_file", 583, "Reading file: /etc/ubuntu-advantage/uaclient.conf", {}]
["2025-05-18T15:18:14.220", "DEBUG", "ubuntupro.files.files", "read", 58, "Tried to load /var/lib/ubuntu-advantage/user-config.json but file does not exist", {}]
["2025-05-18T15:18:14.228", "DEBUG", "ubuntupro.http", "configure_web_proxy", 149, "Setting no_proxy: 169.254.169.254,[fd00:ec2::254],metadata", {}]
["2025-05-18T15:18:14.228", "DEBUG", "ubuntupro.http", "configure_web_proxy", 157, "Setting global proxy dict", {}]
["2025-05-18T15:18:14.228", "DEBUG", "ubuntupro.cli", "main", 287, "Executed with sys.argv: ['/usr/bin/pro', 'status', '--format=json']", {}]
["2025-05-18T15:18:14.229", "DEBUG", "ubuntupro.files.files", "read", 58, "Tried to load /var/lib/ubuntu-advantage/machine-token.json but file does not exist", {}]
["2025-05-18T15:18:14.229", "DEBUG", "ubuntupro.files.files", "read", 58, "Tried to load /var/lib/ubuntu-advantage/machine-token.json but file does not exist", {}]
["2025-05-18T15:18:14.229", "DEBUG", "ubuntupro.system", "load_file", 583, "Reading file: /proc/cpuinfo", {}]
["2025-05-18T15:18:14.229", "INFO", "ubuntupro.system", "get_cpu_info", 296, "could not open /proc/sysinfo", {}]
["2025-05-18T15:18:14.229", "DEBUG", "ubuntupro.system", "load_file", 583, "Reading file: /sys/firmware/devicetree/base/model", {}]
["2025-05-18T15:18:14.230", "DEBUG", "ubuntupro.system", "load_file", 583, "Reading file: /etc/os-release", {}]
["2025-05-18T15:18:14.230", "DEBUG", "ubuntupro.system", "load_file", 583, "Reading file: /proc/version_signature", {}]
["2025-05-18T15:18:14.762", "DEBUG", "ubuntupro.system", "load_file", 583, "Reading file: /proc/1/cgroup", {}]
["2025-05-18T15:18:14.762", "DEBUG", "ubuntupro.files.files", "read", 58, "Tried to load /var/lib/ubuntu-advantage/machine-token.json but file does not exist", {}]
["2025-05-18T15:18:14.762", "DEBUG", "ubuntupro.files.files", "read", 58, "Tried to load /var/lib/ubuntu-advantage/machine-token.json but file does not exist", {}]
["2025-05-18T15:18:14.763", "DEBUG", "ubuntupro.http", "readurl", 418, "URL [GET]: https://contracts.canonical.com/v1/resources?architecture=arm64&kernel=6.14.0-1005-raspi&series=plucky&virt=, headers: {'accept': 'application/json', 'content-type': 'application/json', 'user-agent': 'UA-Client/35.1ubuntu0'}, data: None", {}]
["2025-05-18T15:18:14.764", "DEBUG", "ubuntupro.http", "should_use_pycurl", 214, "Should use pycurl: False", {}]
["2025-05-18T15:18:15.266", "DEBUG", "ubuntupro.http", "readurl", 462, "URL [GET] response: https://contracts.canonical.com/v1/resources?architecture=arm64&kernel=6.14.0-1005-raspi&series=plucky&virt=, headers: {'accept-ranges': 'bytes', 'cache-control': 'no-store, max-age=0', 'connection': 'close', 'content-length': '870', 'content-type': 'application/json', 'date': 'Sun, 18 May 2025 19:18:15 GMT', 'server': 'nginx/1.18.0 (Ubuntu)', 'strict-transport-security': 'max-age=15724800; includeSubDomains', 'x-cache-status': 'MISS from content-cache-il3/1', 'x-trace-id': '75f9cf4a-e6f4-4b61-8dd3-1aacc83dfc3f'}, data: {'resources': [{'available': False, 'name': 'anbox-cloud'}, {'available': True, 'name': 'anbox-images'}, {'available': True, 'name': 'cc'}, {'available': False, 'name': 'cc-eal'}, {'available': False, 'name': 'cis'}, {'available': False, 'name': 'esm'}, {'available': False, 'name': 'esm-apps'}, {'available': False, 'name': 'esm-apps-python'}, {'available': False, 'name': 'esm-infra'}, {'available': False, 'name': 'esm-infra-legacy'}, {'available': False, 'name': 'esm-python'}, {'available': False, 'name': 'esm-ros'}, {'available': False, 'name': 'fips'}, {'available': False, 'name': 'fips-preview'}, {'available': False, 'name': 'fips-updates'}, {'available': True, 'name': 'landscape'}, {'available': False, 'name': 'livepatch'}, {'available': True, 'name': 'livepatch-onprem'}, {'available': False, 'name': 'realtime-kernel'}, {'available': False, 'name': 'ros'}, {'available': False, 'name': 'ros-updates'}, {'available': True, 'name': 'support'}]}", {}]
["2025-05-18T15:18:15.270", "DEBUG", "ubuntupro.status", "_unattached_status", 301, "Ignoring availability of unknown service anbox-images from contract server", {}]
["2025-05-18T15:18:15.271", "DEBUG", "ubuntupro.status", "_unattached_status", 301, "Ignoring availability of unknown service cc from contract server", {}]
["2025-05-18T15:18:15.271", "DEBUG", "ubuntupro.status", "_unattached_status", 301, "Ignoring availability of unknown service esm from contract server", {}]
["2025-05-18T15:18:15.271", "DEBUG", "ubuntupro.status", "_unattached_status", 301, "Ignoring availability of unknown service esm-apps-python from contract server", {}]
["2025-05-18T15:18:15.272", "DEBUG", "ubuntupro.status", "_unattached_status", 301, "Ignoring availability of unknown service esm-infra-legacy from contract server", {}]
["2025-05-18T15:18:15.272", "DEBUG", "ubuntupro.status", "_unattached_status", 301, "Ignoring availability of unknown service esm-python from contract server", {}]
["2025-05-18T15:18:15.272", "DEBUG", "ubuntupro.status", "_unattached_status", 301, "Ignoring availability of unknown service esm-ros from contract server", {}]
["2025-05-18T15:18:15.273", "DEBUG", "ubuntupro.livepatch", "status", 126, "canonical-livepatch is not installed", {}]
["2025-05-18T15:18:15.273", "DEBUG", "ubuntupro.system", "load_file", 583, "Reading file: /home/murphy/.cache/ubuntu-pro/livepatch-kernel-support-cache.json", {}]
["2025-05-18T15:18:15.273", "DEBUG", "ubuntupro.livepatch", "on_supported_kernel", 352, "using livepatch support cache", {}]
["2025-05-18T15:18:15.281", "DEBUG", "ubuntupro.status", "_unattached_status", 301, "Ignoring availability of unknown service livepatch-onprem from contract server", {}]
["2025-05-18T15:18:15.282", "DEBUG", "ubuntupro.status", "_unattached_status", 301, "Ignoring availability of unknown service support from contract server", {}]
["2025-05-18T15:18:15.282", "DEBUG", "ubuntupro.files.files", "read", 58, "Tried to load /var/lib/ubuntu-advantage/lock but file does not exist", {}]
["2025-05-18T15:18:15.282", "DEBUG", "ubuntupro.files.files", "read", 58, "Tried to load /var/lib/ubuntu-advantage/user-config.json but file does not exist", {}]
["2025-05-18T15:19:45.315", "DEBUG", "ubuntupro.config", "parse_config", 518, "Using client configuration file at /etc/ubuntu-advantage/uaclient.conf", {}]
["2025-05-18T15:19:45.318", "DEBUG", "ubuntupro.system", "load_file", 583, "Reading file: /etc/ubuntu-advantage/uaclient.conf", {}]
["2025-05-18T15:19:45.318", "DEBUG", "ubuntupro.files.files", "read", 58, "Tried to load /var/lib/ubuntu-advantage/user-config.json but file does not exist", {}]
["2025-05-18T15:19:45.326", "DEBUG", "ubuntupro.http", "configure_web_proxy", 149, "Setting no_proxy: 169.254.169.254,[fd00:ec2::254],metadata", {}]
["2025-05-18T15:19:45.327", "DEBUG", "ubuntupro.http", "configure_web_proxy", 157, "Setting global proxy dict", {}]
["2025-05-18T15:19:45.327", "DEBUG", "ubuntupro.cli", "main", 287, "Executed with sys.argv: ['/usr/bin/pro', 'status', '--format=json']", {}]
["2025-05-18T15:19:45.327", "DEBUG", "ubuntupro.files.files", "read", 58, "Tried to load /var/lib/ubuntu-advantage/machine-token.json but file does not exist", {}]
["2025-05-18T15:19:45.327", "DEBUG", "ubuntupro.files.files", "read", 58, "Tried to load /var/lib/ubuntu-advantage/machine-token.json but file does not exist", {}]
["2025-05-18T15:19:45.327", "DEBUG", "ubuntupro.system", "load_file", 583, "Reading file: /proc/cpuinfo", {}]
["2025-05-18T15:19:45.327", "INFO", "ubuntupro.system", "get_cpu_info", 296, "could not open /proc/sysinfo", {}]
["2025-05-18T15:19:45.328", "DEBUG", "ubuntupro.system", "load_file", 583, "Reading file: /sys/firmware/devicetree/base/model", {}]
["2025-05-18T15:19:45.328", "DEBUG", "ubuntupro.system", "load_file", 583, "Reading file: /etc/os-release", {}]
["2025-05-18T15:19:45.328", "DEBUG", "ubuntupro.system", "load_file", 583, "Reading file: /proc/version_signature", {}]
["2025-05-18T15:19:46.946", "DEBUG", "ubuntupro.system", "load_file", 583, "Reading file: /proc/1/cgroup", {}]
["2025-05-18T15:19:46.946", "DEBUG", "ubuntupro.files.files", "read", 58, "Tried to load /var/lib/ubuntu-advantage/machine-token.json but file does not exist", {}]
["2025-05-18T15:19:46.946", "DEBUG", "ubuntupro.files.files", "read", 58, "Tried to load /var/lib/ubuntu-advantage/machine-token.json but file does not exist", {}]
["2025-05-18T15:19:46.947", "DEBUG", "ubuntupro.http", "readurl", 418, "URL [GET]: https://contracts.canonical.com/v1/resources?architecture=arm64&kernel=6.14.0-1005-raspi&series=plucky&virt=, headers: {'accept': 'application/json', 'content-type': 'application/json', 'user-agent': 'UA-Client/35.1ubuntu0'}, data: None", {}]
["2025-05-18T15:19:46.948", "DEBUG", "ubuntupro.http", "should_use_pycurl", 214, "Should use pycurl: False", {}]
["2025-05-18T15:19:47.457", "DEBUG", "ubuntupro.http", "readurl", 462, "URL [GET] response: https://contracts.canonical.com/v1/resources?architecture=arm64&kernel=6.14.0-1005-raspi&series=plucky&virt=, headers: {'accept-ranges': 'bytes', 'cache-control': 'no-store, max-age=0', 'connection': 'close', 'content-length': '870', 'content-type': 'application/json', 'date': 'Sun, 18 May 2025 19:19:47 GMT', 'server': 'nginx/1.18.0 (Ubuntu)', 'strict-transport-security': 'max-age=15724800; includeSubDomains', 'x-cache-status': 'MISS from content-cache-il3/4', 'x-trace-id': 'b05f7854-90c1-435a-9983-25d9edcaa547'}, data: {'resources': [{'available': False, 'name': 'anbox-cloud'}, {'available': True, 'name': 'anbox-images'}, {'available': True, 'name': 'cc'}, {'available': False, 'name': 'cc-eal'}, {'available': False, 'name': 'cis'}, {'available': False, 'name': 'esm'}, {'available': False, 'name': 'esm-apps'}, {'available': False, 'name': 'esm-apps-python'}, {'available': False, 'name': 'esm-infra'}, {'available': False, 'name': 'esm-infra-legacy'}, {'available': False, 'name': 'esm-python'}, {'available': False, 'name': 'esm-ros'}, {'available': False, 'name': 'fips'}, {'available': False, 'name': 'fips-preview'}, {'available': False, 'name': 'fips-updates'}, {'available': True, 'name': 'landscape'}, {'available': False, 'name': 'livepatch'}, {'available': True, 'name': 'livepatch-onprem'}, {'available': False, 'name': 'realtime-kernel'}, {'available': False, 'name': 'ros'}, {'available': False, 'name': 'ros-updates'}, {'available': True, 'name': 'support'}]}", {}]
["2025-05-18T15:19:47.461", "DEBUG", "ubuntupro.status", "_unattached_status", 301, "Ignoring availability of unknown service anbox-images from contract server", {}]
["2025-05-18T15:19:47.462", "DEBUG", "ubuntupro.status", "_unattached_status", 301, "Ignoring availability of unknown service cc from contract server", {}]
["2025-05-18T15:19:47.462", "DEBUG", "ubuntupro.status", "_unattached_status", 301, "Ignoring availability of unknown service esm from contract server", {}]
["2025-05-18T15:19:47.462", "DEBUG", "ubuntupro.status", "_unattached_status", 301, "Ignoring availability of unknown service esm-apps-python from contract server", {}]
["2025-05-18T15:19:47.462", "DEBUG", "ubuntupro.status", "_unattached_status", 301, "Ignoring availability of unknown service esm-infra-legacy from contract server", {}]
["2025-05-18T15:19:47.463", "DEBUG", "ubuntupro.status", "_unattached_status", 301, "Ignoring availability of unknown service esm-python from contract server", {}]
["2025-05-18T15:19:47.463", "DEBUG", "ubuntupro.status", "_unattached_status", 301, "Ignoring availability of unknown service esm-ros from contract server", {}]
["2025-05-18T15:19:47.463", "DEBUG", "ubuntupro.livepatch", "status", 126, "canonical-livepatch is not installed", {}]
["2025-05-18T15:19:47.463", "DEBUG", "ubuntupro.system", "load_file", 583, "Reading file: /home/murphy/.cache/ubuntu-pro/livepatch-kernel-support-cache.json", {}]
["2025-05-18T15:19:47.464", "DEBUG", "ubuntupro.livepatch", "on_supported_kernel", 352, "using livepatch support cache", {}]
["2025-05-18T15:19:47.471", "DEBUG", "ubuntupro.status", "_unattached_status", 301, "Ignoring availability of unknown service livepatch-onprem from contract server", {}]
["2025-05-18T15:19:47.471", "DEBUG", "ubuntupro.status", "_unattached_status", 301, "Ignoring availability of unknown service support from contract server", {}]
["2025-05-18T15:19:47.472", "DEBUG", "ubuntupro.files.files", "read", 58, "Tried to load /var/lib/ubuntu-advantage/lock but file does not exist", {}]
["2025-05-18T15:19:47.472", "DEBUG", "ubuntupro.files.files", "read", 58, "Tried to load /var/lib/ubuntu-advantage/user-config.json but file does not exist", {}]
